<?xml version="1.0" encoding="UTF-8"?>
<!-- Generated by org.testng.reporters.JUnitXMLReporter -->
<testsuite ignored="0" hostname="Ashvini" failures="0" tests="5" name="Surefire test" time="50.424" errors="0" timestamp="2025-01-02T23:21:49 IST">
  <testcase classname="SeleniumTestNGFrameWork.tests.ErrorValidationTest" name="loginErrorValidation" time="1.486"/>
  <testcase classname="SeleniumTestNGFrameWork.tests.ErrorValidationTest" name="productErrorValidation" time="8.61"/>
  <testcase classname="SeleniumTestNGFrameWork.tests.SubmitOrderTest" name="submitOrder" time="10.11"/>
  <testcase classname="SeleniumTestNGFrameWork.tests.SubmitOrderTest" name="submitOrder" time="9.574"/>
  <testcase classname="SeleniumTestNGFrameWork.tests.SubmitOrderTest" name="orderHistoryPage" time="0.913"/>
</testsuite> <!-- Surefire test -->
