<?xml version="1.0" encoding="UTF-8"?>
<!-- Generated by org.testng.reporters.JUnitXMLReporter -->
<testsuite ignored="0" hostname="Ashvini" failures="0" tests="2" name="Error Validation Test" time="32.051" errors="0" timestamp="2025-01-02T17:25:41 IST">
  <testcase classname="SeleniumTestNGFrameWork.tests.ErrorValidationTest" name="loginErrorValidation" time="6.434"/>
  <testcase classname="SeleniumTestNGFrameWork.tests.ErrorValidationTest" name="productErrorValidation" time="9.422"/>
</testsuite> <!-- Error Validation Test -->
