<?xml version="1.0" encoding="UTF-8"?>
<testng-results ignored="0" total="5" passed="5" failed="0" skipped="0">
  <reporter-output>
  </reporter-output>
  <suite started-at="2025-01-09T21:49:03 IST" name="Suite" finished-at="2025-01-09T21:49:42 IST" duration-ms="39377">
    <groups>
      <group name="Purchase">
        <method signature="SubmitOrderTest.submitOrder(java.util.HashMap)[pri:0, instance:SeleniumTestNGFrameWork.tests.SubmitOrderTest@782859e]" name="submitOrder" class="SeleniumTestNGFrameWork.tests.SubmitOrderTest"/>
      </group> <!-- Purchase -->
      <group name="ErrorHanding">
        <method signature="ErrorValidationTest.loginErrorValidation()[pri:0, instance:SeleniumTestNGFrameWork.tests.ErrorValidationTest@5f9edf14]" name="loginErrorValidation" class="SeleniumTestNGFrameWork.tests.ErrorValidationTest"/>
      </group> <!-- ErrorHanding -->
    </groups>
    <test started-at="2025-01-09T21:49:03 IST" name="Error Validation Test" finished-at="2025-01-09T21:49:26 IST" duration-ms="22587">
      <class name="SeleniumTestNGFrameWork.tests.ErrorValidationTest">
        <test-method is-config="true" signature="launchApplication()[pri:0, instance:SeleniumTestNGFrameWork.tests.ErrorValidationTest@5f9edf14]" started-at="2025-01-09T21:49:03 IST" name="launchApplication" finished-at="2025-01-09T21:49:11 IST" duration-ms="7517" status="PASS">
          <reporter-output>
          </reporter-output>
        </test-method> <!-- launchApplication -->
        <test-method signature="loginErrorValidation()[pri:0, instance:SeleniumTestNGFrameWork.tests.ErrorValidationTest@5f9edf14]" started-at="2025-01-09T21:49:11 IST" name="loginErrorValidation" finished-at="2025-01-09T21:49:12 IST" duration-ms="1384" status="PASS">
          <reporter-output>
          </reporter-output>
        </test-method> <!-- loginErrorValidation -->
        <test-method is-config="true" signature="tearDown()[pri:0, instance:SeleniumTestNGFrameWork.tests.ErrorValidationTest@5f9edf14]" started-at="2025-01-09T21:49:12 IST" name="tearDown" finished-at="2025-01-09T21:49:12 IST" duration-ms="378" status="PASS">
          <reporter-output>
          </reporter-output>
        </test-method> <!-- tearDown -->
        <test-method is-config="true" signature="launchApplication()[pri:0, instance:SeleniumTestNGFrameWork.tests.ErrorValidationTest@5f9edf14]" started-at="2025-01-09T21:49:12 IST" name="launchApplication" finished-at="2025-01-09T21:49:17 IST" duration-ms="4172" status="PASS">
          <reporter-output>
          </reporter-output>
        </test-method> <!-- launchApplication -->
        <test-method signature="productErrorValidation()[pri:0, instance:SeleniumTestNGFrameWork.tests.ErrorValidationTest@5f9edf14]" started-at="2025-01-09T21:49:17 IST" name="productErrorValidation" finished-at="2025-01-09T21:49:25 IST" duration-ms="8761" status="PASS">
          <reporter-output>
          </reporter-output>
        </test-method> <!-- productErrorValidation -->
        <test-method is-config="true" signature="tearDown()[pri:0, instance:SeleniumTestNGFrameWork.tests.ErrorValidationTest@5f9edf14]" started-at="2025-01-09T21:49:25 IST" name="tearDown" finished-at="2025-01-09T21:49:26 IST" duration-ms="287" status="PASS">
          <reporter-output>
          </reporter-output>
        </test-method> <!-- tearDown -->
      </class> <!-- SeleniumTestNGFrameWork.tests.ErrorValidationTest -->
    </test> <!-- Error Validation Test -->
    <test started-at="2025-01-09T21:49:03 IST" name="Submit Order Test" finished-at="2025-01-09T21:49:42 IST" duration-ms="39377">
      <class name="SeleniumTestNGFrameWork.tests.SubmitOrderTest">
        <test-method is-config="true" signature="launchApplication()[pri:0, instance:SeleniumTestNGFrameWork.tests.SubmitOrderTest@782859e]" started-at="2025-01-09T21:49:04 IST" name="launchApplication" finished-at="2025-01-09T21:49:08 IST" duration-ms="4457" status="PASS">
          <reporter-output>
          </reporter-output>
        </test-method> <!-- launchApplication -->
        <test-method signature="submitOrder(java.util.HashMap)[pri:0, instance:SeleniumTestNGFrameWork.tests.SubmitOrderTest@782859e]" started-at="2025-01-09T21:49:08 IST" name="submitOrder" data-provider="getData" finished-at="2025-01-09T21:49:22 IST" duration-ms="13850" status="PASS">
          <params>
            <param index="0">
              <value>
                <![CDATA[{password=Aashu@123456, product=ADIDAS ORIGINAL, email=nehakumari1997@gmail.com}]]>
              </value>
            </param>
          </params>
          <reporter-output>
          </reporter-output>
        </test-method> <!-- submitOrder -->
        <test-method is-config="true" signature="tearDown()[pri:0, instance:SeleniumTestNGFrameWork.tests.SubmitOrderTest@782859e]" started-at="2025-01-09T21:49:22 IST" name="tearDown" finished-at="2025-01-09T21:49:22 IST" duration-ms="214" status="PASS">
          <reporter-output>
          </reporter-output>
        </test-method> <!-- tearDown -->
        <test-method is-config="true" signature="launchApplication()[pri:0, instance:SeleniumTestNGFrameWork.tests.SubmitOrderTest@782859e]" started-at="2025-01-09T21:49:22 IST" name="launchApplication" finished-at="2025-01-09T21:49:29 IST" duration-ms="7119" status="PASS">
          <reporter-output>
          </reporter-output>
        </test-method> <!-- launchApplication -->
        <test-method signature="submitOrder(java.util.HashMap)[pri:0, instance:SeleniumTestNGFrameWork.tests.SubmitOrderTest@782859e]" started-at="2025-01-09T21:49:29 IST" name="submitOrder" data-provider="getData" finished-at="2025-01-09T21:49:39 IST" duration-ms="9612" status="PASS">
          <params>
            <param index="0">
              <value>
                <![CDATA[{password=Jagruti@123, product=IPHONE 13 PRO, email=jagruti@gmail.com}]]>
              </value>
            </param>
          </params>
          <reporter-output>
          </reporter-output>
        </test-method> <!-- submitOrder -->
        <test-method is-config="true" signature="tearDown()[pri:0, instance:SeleniumTestNGFrameWork.tests.SubmitOrderTest@782859e]" started-at="2025-01-09T21:49:39 IST" name="tearDown" finished-at="2025-01-09T21:49:39 IST" duration-ms="162" status="PASS">
          <reporter-output>
          </reporter-output>
        </test-method> <!-- tearDown -->
        <test-method is-config="true" signature="launchApplication()[pri:0, instance:SeleniumTestNGFrameWork.tests.SubmitOrderTest@782859e]" started-at="2025-01-09T21:49:39 IST" name="launchApplication" finished-at="2025-01-09T21:49:41 IST" duration-ms="2162" status="PASS">
          <reporter-output>
          </reporter-output>
        </test-method> <!-- launchApplication -->
        <test-method signature="orderHistoryPage()[pri:0, instance:SeleniumTestNGFrameWork.tests.SubmitOrderTest@782859e]" started-at="2025-01-09T21:49:41 IST" name="orderHistoryPage" finished-at="2025-01-09T21:49:42 IST" depends-on-methods="SeleniumTestNGFrameWork.tests.SubmitOrderTest.submitOrder" duration-ms="1081" status="PASS">
          <reporter-output>
          </reporter-output>
        </test-method> <!-- orderHistoryPage -->
        <test-method is-config="true" signature="tearDown()[pri:0, instance:SeleniumTestNGFrameWork.tests.SubmitOrderTest@782859e]" started-at="2025-01-09T21:49:42 IST" name="tearDown" finished-at="2025-01-09T21:49:42 IST" duration-ms="181" status="PASS">
          <reporter-output>
          </reporter-output>
        </test-method> <!-- tearDown -->
      </class> <!-- SeleniumTestNGFrameWork.tests.SubmitOrderTest -->
    </test> <!-- Submit Order Test -->
  </suite> <!-- Suite -->
</testng-results>
