<?xml version="1.0" encoding="UTF-8"?>
<testng-results ignored="0" total="5" passed="5" failed="0" skipped="0">
  <reporter-output>
  </reporter-output>
  <suite started-at="2025-01-09T21:05:09 IST" name="Suite" finished-at="2025-01-09T21:06:01 IST" duration-ms="52020">
    <groups>
      <group name="Purchase">
        <method signature="SubmitOrderTest.submitOrder(java.util.HashMap)[pri:0, instance:SeleniumTestNGFrameWork.tests.SubmitOrderTest@f68f0dc]" name="submitOrder" class="SeleniumTestNGFrameWork.tests.SubmitOrderTest"/>
      </group> <!-- Purchase -->
      <group name="ErrorHanding">
        <method signature="ErrorValidationTest.loginErrorValidation()[pri:0, instance:SeleniumTestNGFrameWork.tests.ErrorValidationTest@238d68ff]" name="loginErrorValidation" class="SeleniumTestNGFrameWork.tests.ErrorValidationTest"/>
      </group> <!-- ErrorHanding -->
    </groups>
    <test started-at="2025-01-09T21:05:09 IST" name="Error Validation Test" finished-at="2025-01-09T21:05:41 IST" duration-ms="32485">
      <class name="SeleniumTestNGFrameWork.tests.ErrorValidationTest">
        <test-method is-config="true" signature="launchApplication()[pri:0, instance:SeleniumTestNGFrameWork.tests.ErrorValidationTest@238d68ff]" started-at="2025-01-09T21:05:09 IST" name="launchApplication" finished-at="2025-01-09T21:05:24 IST" duration-ms="14747" status="PASS">
          <reporter-output>
          </reporter-output>
        </test-method> <!-- launchApplication -->
        <test-method signature="loginErrorValidation()[pri:0, instance:SeleniumTestNGFrameWork.tests.ErrorValidationTest@238d68ff]" started-at="2025-01-09T21:05:24 IST" name="loginErrorValidation" finished-at="2025-01-09T21:05:26 IST" duration-ms="1872" status="PASS">
          <reporter-output>
          </reporter-output>
        </test-method> <!-- loginErrorValidation -->
        <test-method is-config="true" signature="tearDown()[pri:0, instance:SeleniumTestNGFrameWork.tests.ErrorValidationTest@238d68ff]" started-at="2025-01-09T21:05:26 IST" name="tearDown" finished-at="2025-01-09T21:05:26 IST" duration-ms="472" status="PASS">
          <reporter-output>
          </reporter-output>
        </test-method> <!-- tearDown -->
        <test-method is-config="true" signature="launchApplication()[pri:0, instance:SeleniumTestNGFrameWork.tests.ErrorValidationTest@238d68ff]" started-at="2025-01-09T21:05:26 IST" name="launchApplication" finished-at="2025-01-09T21:05:32 IST" duration-ms="5716" status="PASS">
          <reporter-output>
          </reporter-output>
        </test-method> <!-- launchApplication -->
        <test-method signature="productErrorValidation()[pri:0, instance:SeleniumTestNGFrameWork.tests.ErrorValidationTest@238d68ff]" started-at="2025-01-09T21:05:32 IST" name="productErrorValidation" finished-at="2025-01-09T21:05:41 IST" duration-ms="9373" status="PASS">
          <reporter-output>
          </reporter-output>
        </test-method> <!-- productErrorValidation -->
        <test-method is-config="true" signature="tearDown()[pri:0, instance:SeleniumTestNGFrameWork.tests.ErrorValidationTest@238d68ff]" started-at="2025-01-09T21:05:41 IST" name="tearDown" finished-at="2025-01-09T21:05:41 IST" duration-ms="171" status="PASS">
          <reporter-output>
          </reporter-output>
        </test-method> <!-- tearDown -->
      </class> <!-- SeleniumTestNGFrameWork.tests.ErrorValidationTest -->
    </test> <!-- Error Validation Test -->
    <test started-at="2025-01-09T21:05:09 IST" name="Submit Order Test" finished-at="2025-01-09T21:06:01 IST" duration-ms="52020">
      <class name="SeleniumTestNGFrameWork.tests.SubmitOrderTest">
        <test-method is-config="true" signature="launchApplication()[pri:0, instance:SeleniumTestNGFrameWork.tests.SubmitOrderTest@f68f0dc]" started-at="2025-01-09T21:05:10 IST" name="launchApplication" finished-at="2025-01-09T21:05:23 IST" duration-ms="13271" status="PASS">
          <reporter-output>
          </reporter-output>
        </test-method> <!-- launchApplication -->
        <test-method signature="submitOrder(java.util.HashMap)[pri:0, instance:SeleniumTestNGFrameWork.tests.SubmitOrderTest@f68f0dc]" started-at="2025-01-09T21:05:23 IST" name="submitOrder" data-provider="getData" finished-at="2025-01-09T21:05:35 IST" duration-ms="12331" status="PASS">
          <params>
            <param index="0">
              <value>
                <![CDATA[{password=Aashu@123456, product=ADIDAS ORIGINAL, email=nehakumari1997@gmail.com}]]>
              </value>
            </param>
          </params>
          <reporter-output>
          </reporter-output>
        </test-method> <!-- submitOrder -->
        <test-method is-config="true" signature="tearDown()[pri:0, instance:SeleniumTestNGFrameWork.tests.SubmitOrderTest@f68f0dc]" started-at="2025-01-09T21:05:35 IST" name="tearDown" finished-at="2025-01-09T21:05:36 IST" duration-ms="258" status="PASS">
          <reporter-output>
          </reporter-output>
        </test-method> <!-- tearDown -->
        <test-method is-config="true" signature="launchApplication()[pri:0, instance:SeleniumTestNGFrameWork.tests.SubmitOrderTest@f68f0dc]" started-at="2025-01-09T21:05:36 IST" name="launchApplication" finished-at="2025-01-09T21:05:43 IST" duration-ms="7283" status="PASS">
          <reporter-output>
          </reporter-output>
        </test-method> <!-- launchApplication -->
        <test-method signature="submitOrder(java.util.HashMap)[pri:0, instance:SeleniumTestNGFrameWork.tests.SubmitOrderTest@f68f0dc]" started-at="2025-01-09T21:05:43 IST" name="submitOrder" data-provider="getData" finished-at="2025-01-09T21:05:53 IST" duration-ms="10270" status="PASS">
          <params>
            <param index="0">
              <value>
                <![CDATA[{password=Jagruti@123, product=IPHONE 13 PRO, email=jagruti@gmail.com}]]>
              </value>
            </param>
          </params>
          <reporter-output>
          </reporter-output>
        </test-method> <!-- submitOrder -->
        <test-method is-config="true" signature="tearDown()[pri:0, instance:SeleniumTestNGFrameWork.tests.SubmitOrderTest@f68f0dc]" started-at="2025-01-09T21:05:53 IST" name="tearDown" finished-at="2025-01-09T21:05:53 IST" duration-ms="163" status="PASS">
          <reporter-output>
          </reporter-output>
        </test-method> <!-- tearDown -->
        <test-method is-config="true" signature="launchApplication()[pri:0, instance:SeleniumTestNGFrameWork.tests.SubmitOrderTest@f68f0dc]" started-at="2025-01-09T21:05:53 IST" name="launchApplication" finished-at="2025-01-09T21:06:00 IST" duration-ms="6373" status="PASS">
          <reporter-output>
          </reporter-output>
        </test-method> <!-- launchApplication -->
        <test-method signature="orderHistoryPage()[pri:0, instance:SeleniumTestNGFrameWork.tests.SubmitOrderTest@f68f0dc]" started-at="2025-01-09T21:06:00 IST" name="orderHistoryPage" finished-at="2025-01-09T21:06:01 IST" depends-on-methods="SeleniumTestNGFrameWork.tests.SubmitOrderTest.submitOrder" duration-ms="1079" status="PASS">
          <reporter-output>
          </reporter-output>
        </test-method> <!-- orderHistoryPage -->
        <test-method is-config="true" signature="tearDown()[pri:0, instance:SeleniumTestNGFrameWork.tests.SubmitOrderTest@f68f0dc]" started-at="2025-01-09T21:06:01 IST" name="tearDown" finished-at="2025-01-09T21:06:01 IST" duration-ms="155" status="PASS">
          <reporter-output>
          </reporter-output>
        </test-method> <!-- tearDown -->
      </class> <!-- SeleniumTestNGFrameWork.tests.SubmitOrderTest -->
    </test> <!-- Submit Order Test -->
  </suite> <!-- Suite -->
</testng-results>
