<?xml version="1.0" encoding="UTF-8"?>
<!-- Generated by org.testng.reporters.JUnitReportReporter -->
<testsuite hostname="Ashvini" failures="0" tests="2" name="SeleniumTestNGFrameWork.tests.ErrorValidationTest" time="32.351" errors="0" timestamp="2025-01-09T21:06:01 IST" skipped="0">
  <testcase classname="SeleniumTestNGFrameWork.tests.ErrorValidationTest" name="loginErrorValidation" time="16.790"/>
  <system-out/>
  <testcase classname="SeleniumTestNGFrameWork.tests.ErrorValidationTest" name="productErrorValidation" time="15.561"/>
  <system-out/>
</testsuite> <!-- SeleniumTestNGFrameWork.tests.ErrorValidationTest -->
