<?xml version="1.0" encoding="UTF-8"?>
<!-- Generated by org.testng.reporters.JUnitReportReporter -->
<testsuite hostname="Ashvini" failures="0" tests="3" name="SeleniumTestNGFrameWork.tests.SubmitOrderTest" time="51.183" errors="0" timestamp="2025-01-09T21:06:01 IST" skipped="0">
  <testcase classname="SeleniumTestNGFrameWork.tests.SubmitOrderTest" name="submitOrder" time="23.704"/>
  <system-out/>
  <testcase classname="SeleniumTestNGFrameWork.tests.SubmitOrderTest" name="orderHistoryPage" time="8.620"/>
  <system-out/>
  <testcase classname="SeleniumTestNGFrameWork.tests.SubmitOrderTest" name="submitOrder" time="18.859"/>
  <system-out/>
</testsuite> <!-- SeleniumTestNGFrameWork.tests.SubmitOrderTest -->
