<?xml version="1.0" encoding="UTF-8"?>
<!-- Generated by org.testng.reporters.JUnitReportReporter -->
<testsuite hostname="Ashvini" failures="0" tests="2" name="SeleniumTestNGFrameWork.tests.ErrorValidationTest" time="18.809" errors="0" timestamp="2025-01-02T23:21:49 IST" skipped="0">
  <testcase classname="SeleniumTestNGFrameWork.tests.ErrorValidationTest" name="loginErrorValidation" time="7.274"/>
  <testcase classname="SeleniumTestNGFrameWork.tests.ErrorValidationTest" name="productErrorValidation" time="11.535"/>
</testsuite> <!-- SeleniumTestNGFrameWork.tests.ErrorValidationTest -->
