<?xml version="1.0" encoding="UTF-8"?>
<!-- Generated by org.testng.reporters.JUnitReportReporter -->
<testsuite hostname="Ashvini" failures="0" tests="2" name="SeleniumTestNGFrameWork.tests.ErrorValidationTest" time="22.499" errors="0" timestamp="2025-01-09T21:49:43 IST" skipped="0">
  <testcase classname="SeleniumTestNGFrameWork.tests.ErrorValidationTest" name="productErrorValidation" time="13.311"/>
  <testcase classname="SeleniumTestNGFrameWork.tests.ErrorValidationTest" name="loginErrorValidation" time="9.188"/>
</testsuite> <!-- SeleniumTestNGFrameWork.tests.ErrorValidationTest -->
