<?xml version="1.0" encoding="UTF-8"?>
<!-- Generated by org.testng.reporters.JUnitReportReporter -->
<testsuite hostname="Ashvini" failures="0" tests="3" name="SeleniumTestNGFrameWork.tests.SubmitOrderTest" time="38.838" errors="0" timestamp="2025-01-09T21:49:43 IST" skipped="0">
  <testcase classname="SeleniumTestNGFrameWork.tests.SubmitOrderTest" name="submitOrder" time="11.988"/>
  <testcase classname="SeleniumTestNGFrameWork.tests.SubmitOrderTest" name="orderHistoryPage" time="5.719"/>
  <testcase classname="SeleniumTestNGFrameWork.tests.SubmitOrderTest" name="submitOrder" time="21.131"/>
</testsuite> <!-- SeleniumTestNGFrameWork.tests.SubmitOrderTest -->
