<?xml version="1.0" encoding="UTF-8"?>
<!-- Generated by org.testng.reporters.JUnitReportReporter -->
<testsuite hostname="Ashvini" failures="0" tests="3" name="SeleniumTestNGFrameWork.tests.SubmitOrderTest" time="30.749" errors="0" timestamp="2025-01-02T23:21:49 IST" skipped="0">
  <testcase classname="SeleniumTestNGFrameWork.tests.SubmitOrderTest" name="submitOrder" time="11.990"/>
  <testcase classname="SeleniumTestNGFrameWork.tests.SubmitOrderTest" name="submitOrder" time="12.274"/>
  <testcase classname="SeleniumTestNGFrameWork.tests.SubmitOrderTest" name="orderHistoryPage" time="6.485"/>
</testsuite> <!-- SeleniumTestNGFrameWork.tests.SubmitOrderTest -->
